--------------------
./configure --shared --prefix=/usr --libdir=${prefix}/lib/x86_64-linux-gnu
Fri Jan  4 12:09:06 CET 2019
=== ztest20340.c ===
extern int getchar();
int hello() {return getchar();}
===
icc.pl -c ztest20340.c
Could not create response file... using gcc

Checking for obsessive-compulsive compiler options...
=== ztest20340.c ===
int foo() { return 0; }
===
icc.pl -c -g -O2 -fdebug-prefix-map=/dev/shm/zlib/zlib-1.2.11.dfsg=. -Wformat -march=native -pipe -Wformat-security -Wdate-time -D_FORTIFY_SOURCE=2 -Wall -D_REENTRANT -O3 -DUNALIGNED_OK ztest20340.c
Could not create response file
Checking for shared library support...
=== ztest20340.c ===
extern int getchar();
int hello() {return getchar();}
===
icc.pl -w -c -g -O2 -fdebug-prefix-map=/dev/shm/zlib/zlib-1.2.11.dfsg=. -Wformat -march=native -pipe -Wformat-security -Wdate-time -D_FORTIFY_SOURCE=2 -Wall -D_REENTRANT -O3 -DUNALIGNED_OK -fPIC ztest20340.c
Could not create response fileicc.pl -shared -g -O2 -fdebug-prefix-map=/dev/shm/zlib/zlib-1.2.11.dfsg=. -Wformat -march=native -pipe -Wformat-security -Wdate-time -D_FORTIFY_SOURCE=2 -Wall -D_REENTRANT -O3 -DUNALIGNED_OK -fPIC -o ztest20340.so ztest20340.o
Building shared library libz.so.1.2.11 with icc.pl.

=== ztest20340.c ===
#include <stdio.h>
#include <stdlib.h>
size_t dummy = 0;
===
icc.pl -c -g -O2 -fdebug-prefix-map=/dev/shm/zlib/zlib-1.2.11.dfsg=. -Wformat -march=native -pipe -Wformat-security -Wdate-time -D_FORTIFY_SOURCE=2 -Wall -D_REENTRANT -O3 -DUNALIGNED_OK ztest20340.c
Could not create response fileChecking for size_t... Yes.


=== ztest20340.c ===
#include <sys/types.h>
off64_t dummy = 0;
===
icc.pl -c -g -O2 -fdebug-prefix-map=/dev/shm/zlib/zlib-1.2.11.dfsg=. -Wformat -march=native -pipe -Wformat-security -Wdate-time -D_FORTIFY_SOURCE=2 -Wall -D_REENTRANT -O3 -DUNALIGNED_OK -D_LARGEFILE64_SOURCE=1 ztest20340.c
Could not create response fileChecking for off64_t... Yes.
Checking for fseeko... Yes.

=== ztest20340.c ===
#include <string.h>
#include <errno.h>
int main() { return strlen(strerror(errno)); }
===
icc.pl -g -O2 -fdebug-prefix-map=/dev/shm/zlib/zlib-1.2.11.dfsg=. -Wformat -march=native -pipe -Wformat-security -Wdate-time -D_FORTIFY_SOURCE=2 -Wall -D_REENTRANT -O3 -DUNALIGNED_OK -D_LARGEFILE64_SOURCE=1 -o ztest20340 ztest20340.c
Checking for strerror... Yes.

=== ztest20340.c ===
#include <unistd.h>
int main() { return 0; }
===
icc.pl -c -g -O2 -fdebug-prefix-map=/dev/shm/zlib/zlib-1.2.11.dfsg=. -Wformat -march=native -pipe -Wformat-security -Wdate-time -D_FORTIFY_SOURCE=2 -Wall -D_REENTRANT -O3 -DUNALIGNED_OK -D_LARGEFILE64_SOURCE=1 ztest20340.c
Could not create response fileChecking for unistd.h... Yes.

=== ztest20340.c ===
#include <stdarg.h>
int main() { return 0; }
===
icc.pl -c -g -O2 -fdebug-prefix-map=/dev/shm/zlib/zlib-1.2.11.dfsg=. -Wformat -march=native -pipe -Wformat-security -Wdate-time -D_FORTIFY_SOURCE=2 -Wall -D_REENTRANT -O3 -DUNALIGNED_OK -D_LARGEFILE64_SOURCE=1 ztest20340.c
Could not create response fileChecking for stdarg.h... Yes.

=== ztest20340.c ===
#include <stdio.h>
#include <stdarg.h>
#include "zconf.h"
int main()
{
#ifndef STDC
  choke me
#endif
  return 0;
}
===
icc.pl -c -g -O2 -fdebug-prefix-map=/dev/shm/zlib/zlib-1.2.11.dfsg=. -Wformat -march=native -pipe -Wformat-security -Wdate-time -D_FORTIFY_SOURCE=2 -Wall -D_REENTRANT -O3 -DUNALIGNED_OK -D_LARGEFILE64_SOURCE=1 ztest20340.c
Could not create response fileChecking whether to use vs[n]printf() or s[n]printf()... using vs[n]printf().

=== ztest20340.c ===
#include <stdio.h>
#include <stdarg.h>
int mytest(const char *fmt, ...)
{
  char buf[20];
  va_list ap;
  va_start(ap, fmt);
  vsnprintf(buf, sizeof(buf), fmt, ap);
  va_end(ap);
  return 0;
}
int main()
{
  return (mytest("Hello%d\n", 1));
}
===
icc.pl -g -O2 -fdebug-prefix-map=/dev/shm/zlib/zlib-1.2.11.dfsg=. -Wformat -march=native -pipe -Wformat-security -Wdate-time -D_FORTIFY_SOURCE=2 -Wall -D_REENTRANT -O3 -DUNALIGNED_OK -D_LARGEFILE64_SOURCE=1 -o ztest20340 ztest20340.c
Checking for vsnprintf() in stdio.h... Yes.

=== ztest20340.c ===
#include <stdio.h>
#include <stdarg.h>
int mytest(const char *fmt, ...)
{
  int n;
  char buf[20];
  va_list ap;
  va_start(ap, fmt);
  n = vsnprintf(buf, sizeof(buf), fmt, ap);
  va_end(ap);
  return n;
}
int main()
{
  return (mytest("Hello%d\n", 1));
}
===
icc.pl -c -g -O2 -fdebug-prefix-map=/dev/shm/zlib/zlib-1.2.11.dfsg=. -Wformat -march=native -pipe -Wformat-security -Wdate-time -D_FORTIFY_SOURCE=2 -Wall -D_REENTRANT -O3 -DUNALIGNED_OK -D_LARGEFILE64_SOURCE=1 ztest20340.c
Could not create response fileChecking for return value of vsnprintf()... Yes.

=== ztest20340.c ===
#define ZLIB_INTERNAL __attribute__((visibility ("hidden")))
int ZLIB_INTERNAL foo;
int main()
{
  return 0;
}
===
icc.pl -c -g -O2 -fdebug-prefix-map=/dev/shm/zlib/zlib-1.2.11.dfsg=. -Wformat -march=native -pipe -Wformat-security -Wdate-time -D_FORTIFY_SOURCE=2 -Wall -D_REENTRANT -O3 -DUNALIGNED_OK -D_LARGEFILE64_SOURCE=1 ztest20340.c
Could not create response fileChecking for attribute(visibility) support... No.

ALL = static shared all64
AR = xiar
ARFLAGS = rc
CC = icc.pl
CFLAGS = -g -O2 -fdebug-prefix-map=/dev/shm/zlib/zlib-1.2.11.dfsg=. -Wformat -march=native -pipe -Wformat-security -Wdate-time -D_FORTIFY_SOURCE=2 -Wall -D_REENTRANT -O3 -DUNALIGNED_OK -D_LARGEFILE64_SOURCE=1
CPP = icc.pl -E
EXE =
LDCONFIG = ldconfig
LDFLAGS =
LDSHARED = icc.pl -shared
LDSHAREDLIBC = -lc
OBJC = $(OBJZ) $(OBJG)
PIC_OBJC = $(PIC_OBJZ) $(PIC_OBJG)
RANLIB = ranlib
SFLAGS = -g -O2 -fdebug-prefix-map=/dev/shm/zlib/zlib-1.2.11.dfsg=. -Wformat -march=native -pipe -Wformat-security -Wdate-time -D_FORTIFY_SOURCE=2 -Wall -D_REENTRANT -O3 -DUNALIGNED_OK -fPIC -D_LARGEFILE64_SOURCE=1
SHAREDLIB = libz.so
SHAREDLIBM = libz.so.1
SHAREDLIBV = libz.so.1.2.11
STATICLIB = libz.a
TEST = all teststatic testshared test64
VER = 1.2.11
Z_U4 =
SRCDIR =
exec_prefix = ${prefix}
includedir = ${prefix}/include
libdir = ${prefix}/lib/x86_64-linux-gnu
mandir = ${prefix}/share/man
prefix = /usr
sharedlibdir = ${libdir}
uname = GNU
--------------------


